<?xml version="1.0" encoding="UTF-8"?>
<!-- Generated by org.testng.reporters.JUnitReportReporter -->
<testsuite skipped="0" hostname="DESKTOP-COB6AE8" name="expedia.com.BootcampExpedia.BookingFunctionality" tests="4" failures="0" timestamp="21 Mar 2020 16:29:04 GMT" time="46.368" errors="0">
  <testcase name="Expedia1" time="12.864" classname="expedia.com.BootcampExpedia.BookingFunctionality"/>
  <testcase name="Expedia2" time="14.037" classname="expedia.com.BootcampExpedia.BookingFunctionality"/>
  <testcase name="Expedia3" time="17.923" classname="expedia.com.BootcampExpedia.BookingFunctionality"/>
  <testcase name="Expedia4" time="1.544" classname="expedia.com.BootcampExpedia.BookingFunctionality"/>
</testsuite> <!-- expedia.com.BootcampExpedia.BookingFunctionality -->
